0 verbose cli /usr/bin/node /usr/lib/node_modules/npm/bin/npm-cli.js
1 info using npm@10.8.2
2 info using node@v20.20.1
3 silly config load:file:/usr/lib/node_modules/npm/npmrc
4 silly config load:file:/tmp/bloom-task-ece80743-80m96aem/.npmrc
5 silly config load:file:/usr/local/etc/npmrc
6 verbose title npm exec vitest run --reporter=verbose
7 verbose argv "exec" "--" "vitest" "run" "--reporter=verbose"
8 verbose logfile logs-max:10 dir:/tmp/bloom-task-ece80743-80m96aem/.npm/_logs/2026-03-18T02_36_34_543Z-
9 verbose logfile /tmp/bloom-task-ece80743-80m96aem/.npm/_logs/2026-03-18T02_36_34_543Z-debug-0.log
10 silly logfile done cleaning log files
11 http fetch GET 200 https://registry.npmjs.org/npm 130ms
12 verbose cwd /tmp/bloom-task-ece80743-80m96aem
13 verbose os Linux 6.12.47-fly
14 verbose node v20.20.1
15 verbose npm  v10.8.2
16 notice
16 notice New major version of npm available! 10.8.2 -> 11.11.1
16 notice Changelog: https://github.com/npm/cli/releases/tag/v11.11.1
16 notice To update run: npm install -g npm@11.11.1
16 notice  { force: true, [Symbol(proc-log.meta)]: true }
17 verbose exit 1
18 verbose code 1
